[debug] [2020-09-17T17:35:57.321Z] ----------------------------------------------------------------------
[debug] [2020-09-17T17:35:57.328Z] Command:       C:\Program Files\nodejs\node.exe C:\Users\arifs\AppData\Roaming\npm\node_modules\firebase-tools\lib\bin\firebase.js deploy --only hosting:tawitechsolutions
[debug] [2020-09-17T17:35:57.329Z] CLI Version:   8.10.0
[debug] [2020-09-17T17:35:57.330Z] Platform:      win32
[debug] [2020-09-17T17:35:57.330Z] Node Version:  v12.16.3
[debug] [2020-09-17T17:35:57.333Z] Time:          Fri Sep 18 2020 01:35:57 GMT+0800 (China Standard Time)
[debug] [2020-09-17T17:35:57.334Z] ----------------------------------------------------------------------
[debug] [2020-09-17T17:35:57.334Z] 
[debug] [2020-09-17T17:35:57.360Z] > command requires scopes: ["email","openid","https://www.googleapis.com/auth/cloudplatformprojects.readonly","https://www.googleapis.com/auth/firebase","https://www.googleapis.com/auth/cloud-platform"]
[debug] [2020-09-17T17:35:57.362Z] > authorizing via signed-in user
[debug] [2020-09-17T17:35:57.364Z] [iam] checking project tts-website-79023 for permissions ["firebase.projects.get","firebasehosting.sites.update"]
[debug] [2020-09-17T17:35:57.376Z] >>> HTTP REQUEST POST https://cloudresourcemanager.googleapis.com/v1/projects/tts-website-79023:testIamPermissions  
 {"permissions":["firebase.projects.get","firebasehosting.sites.update"]}
[debug] [2020-09-17T17:36:03.227Z] <<< HTTP RESPONSE 200 {"content-type":"application/json; charset=UTF-8","vary":"X-Origin, Referer, Origin,Accept-Encoding","date":"Thu, 17 Sep 2020 17:36:04 GMT","server":"ESF","cache-control":"private","x-xss-protection":"0","x-frame-options":"SAMEORIGIN","x-content-type-options":"nosniff","server-timing":"gfet4t7; dur=823","alt-svc":"h3-29=\":443\"; ma=2592000,h3-27=\":443\"; ma=2592000,h3-T051=\":443\"; ma=2592000,h3-T050=\":443\"; ma=2592000,h3-Q050=\":443\"; ma=2592000,h3-Q046=\":443\"; ma=2592000,h3-Q043=\":443\"; ma=2592000,quic=\":443\"; ma=2592000; v=\"46,43\"","accept-ranges":"none","transfer-encoding":"chunked"}
[debug] [2020-09-17T17:36:03.231Z] >>> HTTP REQUEST GET https://firebase.googleapis.com/v1beta1/projects/tts-website-79023  
 
[debug] [2020-09-17T17:36:04.706Z] <<< HTTP RESPONSE 200 {"content-type":"application/json; charset=UTF-8","vary":"X-Origin, Referer, Origin,Accept-Encoding","date":"Thu, 17 Sep 2020 17:36:05 GMT","server":"ESF","cache-control":"private","x-xss-protection":"0","x-frame-options":"SAMEORIGIN","x-content-type-options":"nosniff","alt-svc":"h3-Q050=\":443\"; ma=2592000,h3-29=\":443\"; ma=2592000,h3-27=\":443\"; ma=2592000,h3-T051=\":443\"; ma=2592000,h3-T050=\":443\"; ma=2592000,h3-Q046=\":443\"; ma=2592000,h3-Q043=\":443\"; ma=2592000,quic=\":443\"; ma=2592000; v=\"46,43\"","accept-ranges":"none","transfer-encoding":"chunked"}
[info] 
[info] === Deploying to 'tts-website-79023'...
[info] 
[info] i  deploying hosting 
[info] 
[info] +  Deploy complete! 
[info] 
[info] Project Console: https://console.firebase.google.com/project/tts-website-79023/overview
[debug] [2020-09-17T17:36:08.905Z] TypeError: Cannot read property 'deploys' of undefined
    at C:\Users\arifs\AppData\Roaming\npm\node_modules\firebase-tools\lib\deploy\index.js:84:36
    at processTicksAndRejections (internal/process/task_queues.js:97:5)
[error] 
[error] Error: An unexpected error has occurred.
